1721666401.472750 client started (30364): version 3.2a, socket /tmp/tmux-1000/default, protocol 8
1721666401.472795 on Linux 5.15.153.1-microsoft-standard-WSL2 #1 SMP Fri Mar 29 23:14:13 UTC 2024
1721666401.472805 using libevent 2.1.12-stable (poll); ncurses 6.3
1721666401.472830 flags are 0x10010000
1721666401.472837 socket is /tmp/tmux-1000/default
1721666401.472852 trying connect
1721666401.472955 add peer 0x5578863c3580: 6 ((nil))
1721666401.473282 sending message 100 to peer 0x5578863c3580 (4 bytes)
1721666401.473298 sending message 111 to peer 0x5578863c3580 (8 bytes)
1721666401.473305 sending message 101 to peer 0x5578863c3580 (7 bytes)
1721666401.473311 sending message 109 to peer 0x5578863c3580 (4 bytes)
1721666401.473318 sending message 102 to peer 0x5578863c3580 (11 bytes)
1721666401.473324 sending message 108 to peer 0x5578863c3580 (26 bytes)
1721666401.473331 sending message 112 to peer 0x5578863c3580 (70 bytes)
1721666401.473337 sending message 112 to peer 0x5578863c3580 (5 bytes)
1721666401.473344 sending message 112 to peer 0x5578863c3580 (5 bytes)
1721666401.473350 sending message 112 to peer 0x5578863c3580 (6 bytes)
1721666401.473357 sending message 112 to peer 0x5578863c3580 (6 bytes)
1721666401.473363 sending message 112 to peer 0x5578863c3580 (11 bytes)
1721666401.473370 sending message 112 to peer 0x5578863c3580 (10 bytes)
1721666401.473376 sending message 112 to peer 0x5578863c3580 (13 bytes)
1721666401.473382 sending message 112 to peer 0x5578863c3580 (13 bytes)
1721666401.473389 sending message 112 to peer 0x5578863c3580 (18 bytes)
1721666401.473395 sending message 112 to peer 0x5578863c3580 (9 bytes)
1721666401.473402 sending message 112 to peer 0x5578863c3580 (21 bytes)
1721666401.473408 sending message 112 to peer 0x5578863c3580 (13 bytes)
1721666401.473414 sending message 112 to peer 0x5578863c3580 (7 bytes)
1721666401.473421 sending message 112 to peer 0x5578863c3580 (13 bytes)
1721666401.473427 sending message 112 to peer 0x5578863c3580 (7 bytes)
1721666401.473433 sending message 112 to peer 0x5578863c3580 (13 bytes)
1721666401.473440 sending message 112 to peer 0x5578863c3580 (9 bytes)
1721666401.473446 sending message 112 to peer 0x5578863c3580 (21 bytes)
1721666401.473452 sending message 112 to peer 0x5578863c3580 (13 bytes)
1721666401.473459 sending message 112 to peer 0x5578863c3580 (8 bytes)
1721666401.473465 sending message 112 to peer 0x5578863c3580 (12 bytes)
1721666401.473472 sending message 112 to peer 0x5578863c3580 (13 bytes)
1721666401.473478 sending message 112 to peer 0x5578863c3580 (9 bytes)
1721666401.473485 sending message 112 to peer 0x5578863c3580 (9 bytes)
1721666401.473491 sending message 112 to peer 0x5578863c3580 (12 bytes)
1721666401.473498 sending message 112 to peer 0x5578863c3580 (8 bytes)
1721666401.473504 sending message 112 to peer 0x5578863c3580 (7 bytes)
1721666401.473511 sending message 112 to peer 0x5578863c3580 (7 bytes)
1721666401.473517 sending message 112 to peer 0x5578863c3580 (9 bytes)
1721666401.473523 sending message 112 to peer 0x5578863c3580 (13 bytes)
1721666401.473530 sending message 112 to peer 0x5578863c3580 (9 bytes)
1721666401.473537 sending message 112 to peer 0x5578863c3580 (15 bytes)
1721666401.473544 sending message 112 to peer 0x5578863c3580 (13 bytes)
1721666401.473550 sending message 112 to peer 0x5578863c3580 (12 bytes)
1721666401.473556 sending message 112 to peer 0x5578863c3580 (8 bytes)
1721666401.473563 sending message 112 to peer 0x5578863c3580 (14 bytes)
1721666401.473569 sending message 112 to peer 0x5578863c3580 (9 bytes)
1721666401.473575 sending message 112 to peer 0x5578863c3580 (10 bytes)
1721666401.473582 sending message 112 to peer 0x5578863c3580 (10 bytes)
1721666401.473588 sending message 112 to peer 0x5578863c3580 (10 bytes)
1721666401.473594 sending message 112 to peer 0x5578863c3580 (10 bytes)
1721666401.473601 sending message 112 to peer 0x5578863c3580 (11 bytes)
1721666401.473607 sending message 112 to peer 0x5578863c3580 (10 bytes)
1721666401.473614 sending message 112 to peer 0x5578863c3580 (8 bytes)
1721666401.473627 sending message 112 to peer 0x5578863c3580 (11 bytes)
1721666401.473658 sending message 112 to peer 0x5578863c3580 (11 bytes)
1721666401.473674 sending message 112 to peer 0x5578863c3580 (11 bytes)
1721666401.473691 sending message 112 to peer 0x5578863c3580 (8 bytes)
1721666401.473705 sending message 112 to peer 0x5578863c3580 (8 bytes)
1721666401.473720 sending message 112 to peer 0x5578863c3580 (8 bytes)
1721666401.473733 sending message 112 to peer 0x5578863c3580 (10 bytes)
1721666401.473747 sending message 112 to peer 0x5578863c3580 (10 bytes)
1721666401.473759 sending message 112 to peer 0x5578863c3580 (10 bytes)
1721666401.473771 sending message 112 to peer 0x5578863c3580 (10 bytes)
1721666401.473784 sending message 112 to peer 0x5578863c3580 (10 bytes)
1721666401.473796 sending message 112 to peer 0x5578863c3580 (11 bytes)
1721666401.473808 sending message 112 to peer 0x5578863c3580 (11 bytes)
1721666401.473821 sending message 112 to peer 0x5578863c3580 (10 bytes)
1721666401.473836 sending message 112 to peer 0x5578863c3580 (9 bytes)
1721666401.473849 sending message 112 to peer 0x5578863c3580 (9 bytes)
1721666401.473884 sending message 112 to peer 0x5578863c3580 (12 bytes)
1721666401.473892 sending message 112 to peer 0x5578863c3580 (9 bytes)
1721666401.473899 sending message 112 to peer 0x5578863c3580 (6 bytes)
1721666401.473906 sending message 112 to peer 0x5578863c3580 (8 bytes)
1721666401.473913 sending message 112 to peer 0x5578863c3580 (15 bytes)
1721666401.473919 sending message 112 to peer 0x5578863c3580 (13 bytes)
1721666401.473925 sending message 112 to peer 0x5578863c3580 (16 bytes)
1721666401.473932 sending message 112 to peer 0x5578863c3580 (16 bytes)
1721666401.473938 sending message 112 to peer 0x5578863c3580 (10 bytes)
1721666401.473944 sending message 112 to peer 0x5578863c3580 (8 bytes)
1721666401.473951 sending message 112 to peer 0x5578863c3580 (15 bytes)
1721666401.473958 sending message 112 to peer 0x5578863c3580 (13 bytes)
1721666401.473964 sending message 112 to peer 0x5578863c3580 (10 bytes)
1721666401.473971 sending message 112 to peer 0x5578863c3580 (10 bytes)
1721666401.473977 sending message 112 to peer 0x5578863c3580 (5 bytes)
1721666401.473984 sending message 112 to peer 0x5578863c3580 (15 bytes)
1721666401.473992 sending message 104 to peer 0x5578863c3580 (0 bytes)
1721666401.474000 sending message 110 to peer 0x5578863c3580 (0 bytes)
1721666401.474008 sending message 107 to peer 0x5578863c3580 (4 bytes)
1721666401.474015 sending message 105 to peer 0x5578863c3580 (16 bytes)
1721666401.474022 sending message 105 to peer 0x5578863c3580 (16 bytes)
1721666401.474028 sending message 105 to peer 0x5578863c3580 (24 bytes)
1721666401.474096 sending message 105 to peer 0x5578863c3580 (26 bytes)
1721666401.474113 sending message 105 to peer 0x5578863c3580 (23 bytes)
1721666401.474126 sending message 105 to peer 0x5578863c3580 (35 bytes)
1721666401.474140 sending message 105 to peer 0x5578863c3580 (48 bytes)
1721666401.474152 sending message 105 to peer 0x5578863c3580 (21 bytes)
1721666401.474168 sending message 105 to peer 0x5578863c3580 (30 bytes)
1721666401.474185 sending message 105 to peer 0x5578863c3580 (15 bytes)
1721666401.474200 sending message 105 to peer 0x5578863c3580 (18 bytes)
1721666401.474216 sending message 105 to peer 0x5578863c3580 (13 bytes)
1721666401.474231 sending message 105 to peer 0x5578863c3580 (34 bytes)
1721666401.474249 sending message 105 to peer 0x5578863c3580 (1519 bytes)
1721666401.474302 sending message 105 to peer 0x5578863c3580 (26 bytes)
1721666401.474329 sending message 105 to peer 0x5578863c3580 (26 bytes)
1721666401.474346 sending message 105 to peer 0x5578863c3580 (34 bytes)
1721666401.474364 sending message 105 to peer 0x5578863c3580 (12 bytes)
1721666401.474379 sending message 105 to peer 0x5578863c3580 (32 bytes)
1721666401.474527 sending message 105 to peer 0x5578863c3580 (12 bytes)
1721666401.474572 sending message 105 to peer 0x5578863c3580 (13 bytes)
1721666401.474589 sending message 105 to peer 0x5578863c3580 (11 bytes)
1721666401.474611 sending message 105 to peer 0x5578863c3580 (8 bytes)
1721666401.474652 sending message 105 to peer 0x5578863c3580 (14 bytes)
1721666401.474660 sending message 105 to peer 0x5578863c3580 (32 bytes)
1721666401.474666 sending message 105 to peer 0x5578863c3580 (33 bytes)
1721666401.474678 sending message 105 to peer 0x5578863c3580 (65 bytes)
1721666401.474695 sending message 105 to peer 0x5578863c3580 (1113 bytes)
1721666401.474715 sending message 105 to peer 0x5578863c3580 (54 bytes)
1721666401.474727 sending message 105 to peer 0x5578863c3580 (16 bytes)
1721666401.474734 sending message 105 to peer 0x5578863c3580 (40 bytes)
1721666401.474741 sending message 105 to peer 0x5578863c3580 (53 bytes)
1721666401.474748 sending message 105 to peer 0x5578863c3580 (18 bytes)
1721666401.474755 sending message 105 to peer 0x5578863c3580 (16 bytes)
1721666401.474763 sending message 106 to peer 0x5578863c3580 (0 bytes)
1721666401.474777 sending message 200 to peer 0x5578863c3580 (4 bytes)
1721666401.474784 client loop enter
1721666401.475934 peer 0x5578863c3580 message 303
1721666401.475962 open write file 2 -
1721666401.475979 sending message 305 to peer 0x5578863c3580 (8 bytes)
1721666401.475998 write check file 2
1721666401.476367 peer 0x5578863c3580 message 304
1721666401.476383 write 58 to file 2
1721666401.476392 peer 0x5578863c3580 message 203
1721666401.476400 file 2 58 bytes left
1721666401.476461 write check file 2
1721666401.476473 client loop exit
